
========= Start sync =========
       2016-12-18 05:00
==============================
Check online remote server: http://www.dekomo.ru/Cont/ost2xsl.php?
Server status: 200
Start download file: dekomo.xls
File: dekomo.xls complete download
File-name: dekomo.xls; File-size: 16M
Start parse file to json: dekomo.xls
End parse file dekomo.xls to json dekomo.json
File-name: dekomo.json; File-size: 19M
Numbers line in the file dekomo.json: 72336
Update currency
Clear old data
==============================
       2016-12-18 05:09
========== End sync ==========

========= Start sync =========
       2016-12-19 05:00
==============================
Check online remote server: http://www.dekomo.ru/Cont/ost2xsl.php?
Server status: 200
Start download file: dekomo.xls
File: dekomo.xls complete download
File-name: dekomo.xls; File-size: 16M
Start parse file to json: dekomo.xls
End parse file dekomo.xls to json dekomo.json
File-name: dekomo.json; File-size: 19M
Numbers line in the file dekomo.json: 72336
Update currency
Clear old data
==============================
       2016-12-19 05:09
========== End sync ==========

========= Start sync =========
       2016-12-20 05:00
==============================
Check online remote server: http://www.dekomo.ru/Cont/ost2xsl.php?
Server status: 200
Start download file: dekomo.xls
File: dekomo.xls complete download
File-name: dekomo.xls; File-size: 16M
Start parse file to json: dekomo.xls
End parse file dekomo.xls to json dekomo.json
File-name: dekomo.json; File-size: 19M
Numbers line in the file dekomo.json: 72339
Update currency
Clear old data
==============================
       2016-12-20 05:09
========== End sync ==========

========= Start sync =========
       2016-12-21 05:00
==============================
Check online remote server: http://www.dekomo.ru/Cont/ost2xsl.php?
Server status: 200
Start download file: dekomo.xls
File: dekomo.xls complete download
File-name: dekomo.xls; File-size: 226
Start parse file to json: dekomo.xls
End parse file dekomo.xls to json dekomo.json
File-name: dekomo.json; File-size: 0
Numbers line in the file dekomo.json: 0
Update currency
Clear old data
==============================
       2016-12-21 05:03
========== End sync ==========

========= Start sync =========
       2016-12-22 05:00
==============================
Check online remote server: http://www.dekomo.ru/Cont/ost2xsl.php?
Server status: 200
Start download file: dekomo.xls
File: dekomo.xls complete download
File-name: dekomo.xls; File-size: 16M
Start parse file to json: dekomo.xls
End parse file dekomo.xls to json dekomo.json
File-name: dekomo.json; File-size: 19M
Numbers line in the file dekomo.json: 72343
Update currency
Clear old data
==============================
       2016-12-22 05:06
========== End sync ==========

========= Start sync =========
       2016-12-23 05:00
==============================
Check online remote server: http://www.dekomo.ru/Cont/ost2xsl.php?
Server status: 200
Start download file: dekomo.xls
File: dekomo.xls complete download
File-name: dekomo.xls; File-size: 16M
Start parse file to json: dekomo.xls
End parse file dekomo.xls to json dekomo.json
File-name: dekomo.json; File-size: 19M
Numbers line in the file dekomo.json: 72345
Update currency
Clear old data
==============================
       2016-12-23 05:06
========== End sync ==========

========= Start sync =========
       2016-12-24 05:00
==============================
Check online remote server: http://www.dekomo.ru/Cont/ost2xsl.php?
Server status: 200
Start download file: dekomo.xls
File: dekomo.xls complete download
File-name: dekomo.xls; File-size: 16M
Start parse file to json: dekomo.xls
End parse file dekomo.xls to json dekomo.json
File-name: dekomo.json; File-size: 19M
Numbers line in the file dekomo.json: 72355
Update currency
Clear old data
==============================
       2016-12-24 05:06
========== End sync ==========

========= Start sync =========
       2016-12-25 05:00
==============================
Check online remote server: http://www.dekomo.ru/Cont/ost2xsl.php?
Server status: 200
Start download file: dekomo.xls
File: dekomo.xls complete download
File-name: dekomo.xls; File-size: 16M
Start parse file to json: dekomo.xls
End parse file dekomo.xls to json dekomo.json
File-name: dekomo.json; File-size: 19M
Numbers line in the file dekomo.json: 72355
Update currency
Clear old data
==============================
       2016-12-25 05:06
========== End sync ==========

========= Start sync =========
       2016-12-26 05:00
==============================
Check online remote server: http://www.dekomo.ru/Cont/ost2xsl.php?
Server status: 200
Start download file: dekomo.xls
File: dekomo.xls complete download
File-name: dekomo.xls; File-size: 16M
Start parse file to json: dekomo.xls
End parse file dekomo.xls to json dekomo.json
File-name: dekomo.json; File-size: 19M
Numbers line in the file dekomo.json: 72355
Update currency
Clear old data
==============================
       2016-12-26 05:06
========== End sync ==========

========= Start sync =========
       2016-12-27 05:00
==============================
Check online remote server: http://www.dekomo.ru/Cont/ost2xsl.php?
Server status: 200
Start download file: dekomo.xls
File: dekomo.xls complete download
File-name: dekomo.xls; File-size: 16M
Start parse file to json: dekomo.xls
End parse file dekomo.xls to json dekomo.json
File-name: dekomo.json; File-size: 19M
Numbers line in the file dekomo.json: 72517
Update currency
Clear old data
==============================
       2016-12-27 05:06
========== End sync ==========

========= Start sync =========
       2016-12-28 05:00
==============================
Check online remote server: http://www.dekomo.ru/Cont/ost2xsl.php?
Server status: 200
Start download file: dekomo.xls
File: dekomo.xls complete download
File-name: dekomo.xls; File-size: 16M
Start parse file to json: dekomo.xls
End parse file dekomo.xls to json dekomo.json
File-name: dekomo.json; File-size: 19M
Numbers line in the file dekomo.json: 72528
Update currency
Clear old data
==============================
       2016-12-28 05:06
========== End sync ==========

========= Start sync =========
       2016-12-29 05:00
==============================
Check online remote server: http://www.dekomo.ru/Cont/ost2xsl.php?
Server status: 200
Start download file: dekomo.xls
File: dekomo.xls complete download
File-name: dekomo.xls; File-size: 16M
Start parse file to json: dekomo.xls
End parse file dekomo.xls to json dekomo.json
File-name: dekomo.json; File-size: 19M
Numbers line in the file dekomo.json: 72528
Update currency
Clear old data
==============================
       2016-12-29 05:06
========== End sync ==========

========= Start sync =========
       2016-12-30 05:00
==============================
Check online remote server: http://www.dekomo.ru/Cont/ost2xsl.php?
Server status: 200
Start download file: dekomo.xls
File: dekomo.xls complete download
File-name: dekomo.xls; File-size: 16M
Start parse file to json: dekomo.xls
End parse file dekomo.xls to json dekomo.json
File-name: dekomo.json; File-size: 19M
Numbers line in the file dekomo.json: 72528
Update currency
Clear old data
==============================
       2016-12-30 05:06
========== End sync ==========

========= Start sync =========
       2016-12-31 05:00
==============================
Check online remote server: http://www.dekomo.ru/Cont/ost2xsl.php?
Server status: 200
Start download file: dekomo.xls
File: dekomo.xls complete download
File-name: dekomo.xls; File-size: 16M
Start parse file to json: dekomo.xls
End parse file dekomo.xls to json dekomo.json
File-name: dekomo.json; File-size: 19M
Numbers line in the file dekomo.json: 72528
Update currency
Clear old data
==============================
       2016-12-31 05:06
========== End sync ==========

========= Start sync =========
       2017-01-01 05:00
==============================
Check online remote server: http://www.dekomo.ru/Cont/ost2xsl.php?
Server status: 200
Start download file: dekomo.xls
File: dekomo.xls complete download
File-name: dekomo.xls; File-size: 16M
Start parse file to json: dekomo.xls
End parse file dekomo.xls to json dekomo.json
File-name: dekomo.json; File-size: 19M
Numbers line in the file dekomo.json: 72528
Update currency
Clear old data
==============================
       2017-01-01 05:06
========== End sync ==========

========= Start sync =========
       2017-01-02 05:00
==============================
Check online remote server: http://www.dekomo.ru/Cont/ost2xsl.php?
Server status: 200
Start download file: dekomo.xls
File: dekomo.xls complete download
File-name: dekomo.xls; File-size: 16M
Start parse file to json: dekomo.xls
End parse file dekomo.xls to json dekomo.json
File-name: dekomo.json; File-size: 19M
Numbers line in the file dekomo.json: 72528
Update currency
Clear old data
==============================
       2017-01-02 05:01
========== End sync ==========

========= Start sync =========
       2017-01-03 05:00
==============================
Check online remote server: http://www.dekomo.ru/Cont/ost2xsl.php?
Server status: 200
Start download file: dekomo.xls
File: dekomo.xls complete download
File-name: dekomo.xls; File-size: 16M
Start parse file to json: dekomo.xls
End parse file dekomo.xls to json dekomo.json
File-name: dekomo.json; File-size: 19M
Numbers line in the file dekomo.json: 72528
Update currency
Clear old data
==============================
       2017-01-03 05:06
========== End sync ==========

========= Start sync =========
       2017-01-04 05:00
==============================
Check online remote server: http://www.dekomo.ru/Cont/ost2xsl.php?
Server status: 200
Start download file: dekomo.xls
File: dekomo.xls complete download
File-name: dekomo.xls; File-size: 16M
Start parse file to json: dekomo.xls
End parse file dekomo.xls to json dekomo.json
File-name: dekomo.json; File-size: 19M
Numbers line in the file dekomo.json: 72528
Update currency
Clear old data
==============================
       2017-01-04 05:06
========== End sync ==========

========= Start sync =========
       2017-01-05 05:00
==============================
Check online remote server: http://www.dekomo.ru/Cont/ost2xsl.php?
Server status: 200
Start download file: dekomo.xls
File: dekomo.xls complete download
File-name: dekomo.xls; File-size: 14M
Start parse file to json: dekomo.xls
End parse file dekomo.xls to json dekomo.json
File-name: dekomo.json; File-size: 16M
Numbers line in the file dekomo.json: 72528
Update currency
Clear old data
==============================
       2017-01-05 05:07
========== End sync ==========

========= Start sync =========
       2017-01-06 05:00
==============================
Check online remote server: http://www.dekomo.ru/Cont/ost2xsl.php?
Server status: 200
Start download file: dekomo.xls
File: dekomo.xls complete download
File-name: dekomo.xls; File-size: 16M
Start parse file to json: dekomo.xls
End parse file dekomo.xls to json dekomo.json
File-name: dekomo.json; File-size: 19M
Numbers line in the file dekomo.json: 72528
Update currency
Clear old data
==============================
       2017-01-06 05:06
========== End sync ==========

========= Start sync =========
       2017-01-07 05:00
==============================
Check online remote server: http://www.dekomo.ru/Cont/ost2xsl.php?
Server status: 200
Start download file: dekomo.xls
File: dekomo.xls complete download
File-name: dekomo.xls; File-size: 16M
Start parse file to json: dekomo.xls
End parse file dekomo.xls to json dekomo.json
File-name: dekomo.json; File-size: 19M
Numbers line in the file dekomo.json: 72528
Update currency
Clear old data
==============================
       2017-01-07 05:06
========== End sync ==========

========= Start sync =========
       2017-01-08 05:00
==============================
Check online remote server: http://www.dekomo.ru/Cont/ost2xsl.php?
Server status: 200
Start download file: dekomo.xls
File: dekomo.xls complete download
File-name: dekomo.xls; File-size: 16M
Start parse file to json: dekomo.xls
End parse file dekomo.xls to json dekomo.json
File-name: dekomo.json; File-size: 19M
Numbers line in the file dekomo.json: 72528
Update currency
Clear old data
==============================
       2017-01-08 05:07
========== End sync ==========

========= Start sync =========
       2017-01-09 05:00
==============================
Check online remote server: http://www.dekomo.ru/Cont/ost2xsl.php?
Server status: 200
Start download file: dekomo.xls
File: dekomo.xls complete download
File-name: dekomo.xls; File-size: 16M
Start parse file to json: dekomo.xls
End parse file dekomo.xls to json dekomo.json
File-name: dekomo.json; File-size: 19M
Numbers line in the file dekomo.json: 72528
Update currency
Clear old data
==============================
       2017-01-09 05:07
========== End sync ==========

========= Start sync =========
       2017-01-10 05:00
==============================
Check online remote server: http://www.dekomo.ru/Cont/ost2xsl.php?
Server status: 200
Start download file: dekomo.xls
File: dekomo.xls complete download
File-name: dekomo.xls; File-size: 16M
Start parse file to json: dekomo.xls
End parse file dekomo.xls to json dekomo.json
File-name: dekomo.json; File-size: 19M
Numbers line in the file dekomo.json: 72531
Update currency
Clear old data
==============================
       2017-01-10 05:07
========== End sync ==========

========= Start sync =========
       2017-01-11 05:00
==============================
Check online remote server: http://www.dekomo.ru/Cont/ost2xsl.php?
Server status: 200
Start download file: dekomo.xls
File: dekomo.xls complete download
File-name: dekomo.xls; File-size: 16M
Start parse file to json: dekomo.xls
End parse file dekomo.xls to json dekomo.json
File-name: dekomo.json; File-size: 19M
Numbers line in the file dekomo.json: 72537
Update currency
Clear old data
==============================
       2017-01-11 05:06
========== End sync ==========

========= Start sync =========
       2017-01-12 05:00
==============================
Check online remote server: http://www.dekomo.ru/Cont/ost2xsl.php?
Server status: 200
Start download file: dekomo.xls
File: dekomo.xls complete download
File-name: dekomo.xls; File-size: 16M
Start parse file to json: dekomo.xls
End parse file dekomo.xls to json dekomo.json
File-name: dekomo.json; File-size: 19M
Numbers line in the file dekomo.json: 72563
Update currency
Clear old data
==============================
       2017-01-12 05:06
========== End sync ==========

========= Start sync =========
       2017-01-13 05:00
==============================
Check online remote server: http://www.dekomo.ru/Cont/ost2xsl.php?
Server status: 200
Start download file: dekomo.xls
File: dekomo.xls complete download
File-name: dekomo.xls; File-size: 16M
Start parse file to json: dekomo.xls
End parse file dekomo.xls to json dekomo.json
File-name: dekomo.json; File-size: 19M
Numbers line in the file dekomo.json: 72564
Update currency
Clear old data
==============================
       2017-01-13 05:06
========== End sync ==========

========= Start sync =========
       2017-01-14 05:00
==============================
Check online remote server: http://www.dekomo.ru/Cont/ost2xsl.php?
Server status: 200
Start download file: dekomo.xls
File: dekomo.xls complete download
File-name: dekomo.xls; File-size: 16M
Start parse file to json: dekomo.xls
End parse file dekomo.xls to json dekomo.json
File-name: dekomo.json; File-size: 19M
Numbers line in the file dekomo.json: 72555
Update currency
Clear old data
==============================
       2017-01-14 05:06
========== End sync ==========

========= Start sync =========
       2017-01-15 05:00
==============================
Check online remote server: http://www.dekomo.ru/Cont/ost2xsl.php?
Server status: 200
Start download file: dekomo.xls
File: dekomo.xls complete download
File-name: dekomo.xls; File-size: 16M
Start parse file to json: dekomo.xls
End parse file dekomo.xls to json dekomo.json
File-name: dekomo.json; File-size: 19M
Numbers line in the file dekomo.json: 72555
Update currency
Clear old data
==============================
       2017-01-15 05:06
========== End sync ==========

========= Start sync =========
       2017-01-16 05:00
==============================
Check online remote server: http://www.dekomo.ru/Cont/ost2xsl.php?
Server status: 200
Start download file: dekomo.xls
File: dekomo.xls complete download
File-name: dekomo.xls; File-size: 16M
Start parse file to json: dekomo.xls
End parse file dekomo.xls to json dekomo.json
File-name: dekomo.json; File-size: 19M
Numbers line in the file dekomo.json: 72555
Update currency
Clear old data
==============================
       2017-01-16 05:07
========== End sync ==========

========= Start sync =========
       2017-01-17 05:00
==============================
Check online remote server: http://www.dekomo.ru/Cont/ost2xsl.php?
Server status: 200
Start download file: dekomo.xls
File: dekomo.xls complete download
File-name: dekomo.xls; File-size: 16M
Start parse file to json: dekomo.xls
End parse file dekomo.xls to json dekomo.json
File-name: dekomo.json; File-size: 19M
Numbers line in the file dekomo.json: 72560
Update currency
Clear old data
==============================
       2017-01-17 05:07
========== End sync ==========

========= Start sync =========
       2017-01-18 05:00
==============================
Check online remote server: http://www.dekomo.ru/Cont/ost2xsl.php?
Server status: 200
Start download file: dekomo.xls
File: dekomo.xls complete download
File-name: dekomo.xls; File-size: 16M
Start parse file to json: dekomo.xls
End parse file dekomo.xls to json dekomo.json
File-name: dekomo.json; File-size: 19M
Numbers line in the file dekomo.json: 72562
Update currency
Clear old data
==============================
       2017-01-18 05:07
========== End sync ==========

========= Start sync =========
       2017-01-19 05:00
==============================
Check online remote server: http://www.dekomo.ru/Cont/ost2xsl.php?
Server status: 200
Start download file: dekomo.xls
File: dekomo.xls complete download
File-name: dekomo.xls; File-size: 16M
Start parse file to json: dekomo.xls
End parse file dekomo.xls to json dekomo.json
File-name: dekomo.json; File-size: 19M
Numbers line in the file dekomo.json: 72642
Update currency
Clear old data
==============================
       2017-01-19 05:06
========== End sync ==========

========= Start sync =========
       2017-01-20 05:00
==============================
Check online remote server: http://www.dekomo.ru/Cont/ost2xsl.php?
Server status: 200
Start download file: dekomo.xls
File: dekomo.xls complete download
File-name: dekomo.xls; File-size: 16M
Start parse file to json: dekomo.xls
End parse file dekomo.xls to json dekomo.json
File-name: dekomo.json; File-size: 19M
Numbers line in the file dekomo.json: 72644
Update currency
Clear old data
==============================
       2017-01-20 05:06
========== End sync ==========

========= Start sync =========
       2017-01-21 05:00
==============================
Check online remote server: http://www.dekomo.ru/Cont/ost2xsl.php?
Server status: 200
Start download file: dekomo.xls
File: dekomo.xls complete download
File-name: dekomo.xls; File-size: 16M
Start parse file to json: dekomo.xls
End parse file dekomo.xls to json dekomo.json
File-name: dekomo.json; File-size: 19M
Numbers line in the file dekomo.json: 72658
Update currency
Clear old data
==============================
       2017-01-21 05:06
========== End sync ==========

========= Start user sync =========
       2017-01-21 12:13
==============================
User file fined: electro-opt.json
File-name: electro-opt.json; File-size: 297K
==============================
       2017-01-21 12:13
========== End sync ==========

========= Start user sync =========
       2017-01-21 12:16
==============================
User file fined: ideal-opt.json
File-name: ideal-opt.json; File-size: 362K
==============================
       2017-01-21 12:16
========== End sync ==========

========= Start user sync =========
       2017-01-21 12:16
==============================
User file fined: ledix-opt.json
File-name: ledix-opt.json; File-size: 264K
==============================
       2017-01-21 12:16
========== End sync ==========

========= Start user sync =========
       2017-01-21 12:17
==============================
User file fined: searchlight_opt.json
File-name: searchlight_opt.json; File-size: 351K
==============================
       2017-01-21 12:17
========== End sync ==========

========= Start user sync =========
       2017-01-21 12:17
==============================
User file fined: werkel-opt.json
File-name: werkel-opt.json; File-size: 131K
==============================
       2017-01-21 12:17
========== End sync ==========

========= Start user sync =========
       2017-01-21 12:20
==============================
User file fined: werkel-opt.json
File-name: werkel-opt.json; File-size: 131K
==============================
       2017-01-21 12:21
========== End sync ==========

========= Start user sync =========
       2017-01-21 12:21
==============================
User file fined: electro-opt.json
File-name: electro-opt.json; File-size: 297K
==============================
       2017-01-21 12:21
========== End sync ==========

========= Start sync =========
       2017-01-22 05:00
==============================
Check online remote server: http://www.dekomo.ru/Cont/ost2xsl.php?
Server status: 200
Start download file: dekomo.xls
File: dekomo.xls complete download
File-name: dekomo.xls; File-size: 16M
Start parse file to json: dekomo.xls
End parse file dekomo.xls to json dekomo.json
File-name: dekomo.json; File-size: 19M
Numbers line in the file dekomo.json: 72571
Update currency
Clear old data
==============================
       2017-01-22 05:06
========== End sync ==========

========= Start sync =========
       2017-01-23 05:00
==============================
Check online remote server: http://www.dekomo.ru/Cont/ost2xsl.php?
Server status: 200
Start download file: dekomo.xls
File: dekomo.xls complete download
File-name: dekomo.xls; File-size: 16M
Start parse file to json: dekomo.xls
End parse file dekomo.xls to json dekomo.json
File-name: dekomo.json; File-size: 19M
Numbers line in the file dekomo.json: 72571
Update currency
Clear old data
==============================
       2017-01-23 05:06
========== End sync ==========

========= Start sync =========
       2017-01-24 05:00
==============================
Check online remote server: http://www.dekomo.ru/Cont/ost2xsl.php?
Server status: 200
Start download file: dekomo.xls
File: dekomo.xls complete download
File-name: dekomo.xls; File-size: 16M
Start parse file to json: dekomo.xls
End parse file dekomo.xls to json dekomo.json
File-name: dekomo.json; File-size: 19M
Numbers line in the file dekomo.json: 72573
Update currency
Clear old data
==============================
       2017-01-24 05:06
========== End sync ==========

========= Start sync =========
       2017-01-25 05:00
==============================
Check online remote server: http://www.dekomo.ru/Cont/ost2xsl.php?
Server status: 200
Start download file: dekomo.xls
File: dekomo.xls complete download
File-name: dekomo.xls; File-size: 14M
Start parse file to json: dekomo.xls
End parse file dekomo.xls to json dekomo.json
File-name: dekomo.json; File-size: 17M
Numbers line in the file dekomo.json: 72574
Update currency
Clear old data
==============================
       2017-01-25 05:07
========== End sync ==========

========= Start sync =========
       2017-01-26 05:00
==============================
Check online remote server: http://www.dekomo.ru/Cont/ost2xsl.php?
Server status: 200
Start download file: dekomo.xls
File: dekomo.xls complete download
File-name: dekomo.xls; File-size: 16M
Start parse file to json: dekomo.xls
End parse file dekomo.xls to json dekomo.json
File-name: dekomo.json; File-size: 19M
Numbers line in the file dekomo.json: 72631
Update currency
Clear old data
==============================
       2017-01-26 05:06
========== End sync ==========

========= Start sync =========
       2017-01-27 05:00
==============================
Check online remote server: http://www.dekomo.ru/Cont/ost2xsl.php?
Server status: 200
Start download file: dekomo.xls
File: dekomo.xls complete download
File-name: dekomo.xls; File-size: 16M
Start parse file to json: dekomo.xls
End parse file dekomo.xls to json dekomo.json
File-name: dekomo.json; File-size: 19M
Numbers line in the file dekomo.json: 72633
Update currency
Clear old data
==============================
       2017-01-27 05:06
========== End sync ==========

========= Start sync =========
       2017-01-28 05:00
==============================
Check online remote server: http://www.dekomo.ru/Cont/ost2xsl.php?
Server status: 200
Start download file: dekomo.xls
File: dekomo.xls complete download
File-name: dekomo.xls; File-size: 14M
Start parse file to json: dekomo.xls
End parse file dekomo.xls to json dekomo.json
File-name: dekomo.json; File-size: 17M
Numbers line in the file dekomo.json: 72638
Update currency
Clear old data
==============================
       2017-01-28 05:07
========== End sync ==========

========= Start sync =========
       2017-01-29 05:00
==============================
Check online remote server: http://www.dekomo.ru/Cont/ost2xsl.php?
Server status: 200
Start download file: dekomo.xls
File: dekomo.xls complete download
File-name: dekomo.xls; File-size: 14M
Start parse file to json: dekomo.xls
End parse file dekomo.xls to json dekomo.json
File-name: dekomo.json; File-size: 17M
Numbers line in the file dekomo.json: 72638
Update currency
Clear old data
==============================
       2017-01-29 05:07
========== End sync ==========

========= Start sync =========
       2017-01-30 05:00
==============================
Check online remote server: http://www.dekomo.ru/Cont/ost2xsl.php?
Server status: 200
Start download file: dekomo.xls
File: dekomo.xls complete download
File-name: dekomo.xls; File-size: 14M
Start parse file to json: dekomo.xls
End parse file dekomo.xls to json dekomo.json
File-name: dekomo.json; File-size: 17M
Numbers line in the file dekomo.json: 72638
Update currency
Clear old data
==============================
       2017-01-30 05:07
========== End sync ==========

========= Start sync =========
       2017-01-31 05:00
==============================
Check online remote server: http://www.dekomo.ru/Cont/ost2xsl.php?
Server status: 200
Start download file: dekomo.xls
File: dekomo.xls complete download
File-name: dekomo.xls; File-size: 14M
Start parse file to json: dekomo.xls
End parse file dekomo.xls to json dekomo.json
File-name: dekomo.json; File-size: 17M
Numbers line in the file dekomo.json: 72643
Update currency
Clear old data
==============================
       2017-01-31 05:07
========== End sync ==========

========= Start sync =========
       2017-02-01 05:00
==============================
Check online remote server: http://www.dekomo.ru/Cont/ost2xsl.php?
Server status: 200
Start download file: dekomo.xls
File: dekomo.xls complete download
File-name: dekomo.xls; File-size: 14M
Start parse file to json: dekomo.xls
End parse file dekomo.xls to json dekomo.json
File-name: dekomo.json; File-size: 17M
Numbers line in the file dekomo.json: 72646
Update currency
Clear old data
==============================
       2017-02-01 05:07
========== End sync ==========

========= Start user sync =========
       2017-02-01 14:07
==============================
User file fined: 7ogney_opt.json
File-name: 7ogney_opt.json; File-size: 1.2M
==============================
       2017-02-01 14:07
========== End sync ==========

========= Start user sync =========
       2017-02-01 14:07
==============================
User file fined: arlight_opt.json
File-name: arlight_opt.json; File-size: 736K
==============================
       2017-02-01 14:08
========== End sync ==========

========= Start user sync =========
       2017-02-01 14:08
==============================
User file fined: elvan_opt.json.json
File-name: elvan_opt.json.json; File-size: 119K
==============================
       2017-02-01 14:08
========== End sync ==========

========= Start sync =========
       2017-02-02 05:00
==============================
Check online remote server: http://www.dekomo.ru/Cont/ost2xsl.php?
Server status: 200
Start download file: dekomo.xls
File: dekomo.xls complete download
File-name: dekomo.xls; File-size: 14M
Start parse file to json: dekomo.xls
End parse file dekomo.xls to json dekomo.json
File-name: dekomo.json; File-size: 17M
Numbers line in the file dekomo.json: 72652
Update currency
Clear old data
==============================
       2017-02-02 05:07
========== End sync ==========

========= Start sync =========
       2017-02-03 05:00
==============================
Check online remote server: http://www.dekomo.ru/Cont/ost2xsl.php?
Server status: 200
Start download file: dekomo.xls
File: dekomo.xls complete download
File-name: dekomo.xls; File-size: 14M
Start parse file to json: dekomo.xls
End parse file dekomo.xls to json dekomo.json
File-name: dekomo.json; File-size: 17M
Numbers line in the file dekomo.json: 72603
Update currency
Clear old data
==============================
       2017-02-03 05:07
========== End sync ==========

========= Start sync =========
       2017-02-04 05:00
==============================
Check online remote server: http://www.dekomo.ru/Cont/ost2xsl.php?
Server status: 200
Start download file: dekomo.xls
File: dekomo.xls complete download
File-name: dekomo.xls; File-size: 16M
Start parse file to json: dekomo.xls
End parse file dekomo.xls to json dekomo.json
File-name: dekomo.json; File-size: 19M
Numbers line in the file dekomo.json: 72605
Update currency
Clear old data
==============================
       2017-02-04 05:06
========== End sync ==========

========= Start sync =========
       2017-02-05 05:00
==============================
Check online remote server: http://www.dekomo.ru/Cont/ost2xsl.php?
Server status: 200
Start download file: dekomo.xls
File: dekomo.xls complete download
File-name: dekomo.xls; File-size: 16M
Start parse file to json: dekomo.xls
End parse file dekomo.xls to json dekomo.json
File-name: dekomo.json; File-size: 19M
Numbers line in the file dekomo.json: 72605
Update currency
Clear old data
==============================
       2017-02-05 05:06
========== End sync ==========

========= Start sync =========
       2017-02-06 05:00
==============================
Check online remote server: http://www.dekomo.ru/Cont/ost2xsl.php?
Server status: 200
Start download file: dekomo.xls
File: dekomo.xls complete download
File-name: dekomo.xls; File-size: 16M
Start parse file to json: dekomo.xls
End parse file dekomo.xls to json dekomo.json
File-name: dekomo.json; File-size: 19M
Numbers line in the file dekomo.json: 72605
Update currency
Clear old data
==============================
       2017-02-06 05:07
========== End sync ==========

========= Start sync =========
       2017-02-07 05:00
==============================
Check online remote server: http://www.dekomo.ru/Cont/ost2xsl.php?
Server status: 200
Start download file: dekomo.xls
File: dekomo.xls complete download
File-name: dekomo.xls; File-size: 14M
Start parse file to json: dekomo.xls
End parse file dekomo.xls to json dekomo.json
File-name: dekomo.json; File-size: 17M
Numbers line in the file dekomo.json: 72609
Update currency
Clear old data
==============================
       2017-02-07 05:06
========== End sync ==========

========= Start sync =========
       2017-02-08 05:00
==============================
Check online remote server: http://www.dekomo.ru/Cont/ost2xsl.php?
Server status: 200
Start download file: dekomo.xls
File: dekomo.xls complete download
File-name: dekomo.xls; File-size: 16M
Start parse file to json: dekomo.xls
End parse file dekomo.xls to json dekomo.json
File-name: dekomo.json; File-size: 19M
Numbers line in the file dekomo.json: 72614
Update currency
Clear old data
==============================
       2017-02-08 05:06
========== End sync ==========

========= Start user sync =========
       2017-02-08 11:21
==============================
User file fined: novo_opt.json
File-name: novo_opt.json; File-size: 262K
==============================
       2017-02-08 11:21
========== End sync ==========

========= Start sync =========
       2017-02-09 05:00
==============================
Check online remote server: http://www.dekomo.ru/Cont/ost2xsl.php?
Server status: 200
Start download file: dekomo.xls
File: dekomo.xls complete download
File-name: dekomo.xls; File-size: 16M
Start parse file to json: dekomo.xls
End parse file dekomo.xls to json dekomo.json
File-name: dekomo.json; File-size: 19M
Numbers line in the file dekomo.json: 72617
Update currency
Clear old data
==============================
       2017-02-09 05:06
========== End sync ==========

========= Start sync =========
       2017-02-10 05:00
==============================
Check online remote server: http://www.dekomo.ru/Cont/ost2xsl.php?
Server status: 200
Start download file: dekomo.xls
File: dekomo.xls complete download
File-name: dekomo.xls; File-size: 16M
Start parse file to json: dekomo.xls
End parse file dekomo.xls to json dekomo.json
File-name: dekomo.json; File-size: 19M
Numbers line in the file dekomo.json: 72681
Update currency
Clear old data
==============================
       2017-02-10 05:07
========== End sync ==========

========= Start sync =========
       2017-02-11 05:00
==============================
Check online remote server: http://www.dekomo.ru/Cont/ost2xsl.php?
Server status: 200
Start download file: dekomo.xls
File: dekomo.xls complete download
File-name: dekomo.xls; File-size: 16M
Start parse file to json: dekomo.xls
End parse file dekomo.xls to json dekomo.json
File-name: dekomo.json; File-size: 19M
Numbers line in the file dekomo.json: 72701
Update currency
Clear old data
==============================
       2017-02-11 05:06
========== End sync ==========

========= Start sync =========
       2017-02-12 05:00
==============================
Check online remote server: http://www.dekomo.ru/Cont/ost2xsl.php?
Server status: 200
Start download file: dekomo.xls
File: dekomo.xls complete download
File-name: dekomo.xls; File-size: 16M
Start parse file to json: dekomo.xls
End parse file dekomo.xls to json dekomo.json
File-name: dekomo.json; File-size: 19M
Numbers line in the file dekomo.json: 72701
Update currency
Clear old data
==============================
       2017-02-12 05:07
========== End sync ==========

========= Start sync =========
       2017-02-13 05:00
==============================
Check online remote server: http://www.dekomo.ru/Cont/ost2xsl.php?
Server status: 200
Start download file: dekomo.xls
File: dekomo.xls complete download
File-name: dekomo.xls; File-size: 16M
Start parse file to json: dekomo.xls
End parse file dekomo.xls to json dekomo.json
File-name: dekomo.json; File-size: 19M
Numbers line in the file dekomo.json: 72701
Update currency
Clear old data
==============================
       2017-02-13 05:06
========== End sync ==========

========= Start sync =========
       2017-02-14 05:00
==============================
Check online remote server: http://www.dekomo.ru/Cont/ost2xsl.php?
Server status: 200
Start download file: dekomo.xls
File: dekomo.xls complete download
File-name: dekomo.xls; File-size: 16M
Start parse file to json: dekomo.xls
End parse file dekomo.xls to json dekomo.json
File-name: dekomo.json; File-size: 19M
Numbers line in the file dekomo.json: 72701
Update currency
Clear old data
==============================
       2017-02-14 05:06
========== End sync ==========

========= Start user sync =========
       2017-02-14 15:39
==============================
User file fined: tk-light-opt.json
File-name: tk-light-opt.json; File-size: 90K
==============================
       2017-02-14 15:39
========== End sync ==========

========= Start sync =========
       2017-02-15 05:00
==============================
Check online remote server: http://www.dekomo.ru/Cont/ost2xsl.php?
Server status: 200
Start download file: dekomo.xls
File: dekomo.xls complete download
File-name: dekomo.xls; File-size: 16M
Start parse file to json: dekomo.xls
End parse file dekomo.xls to json dekomo.json
File-name: dekomo.json; File-size: 19M
Numbers line in the file dekomo.json: 72817
Update currency
Clear old data
==============================
       2017-02-15 05:06
========== End sync ==========

========= Start sync =========
       2017-02-16 05:00
==============================
Check online remote server: http://www.dekomo.ru/Cont/ost2xsl.php?
Server status: 200
Start download file: dekomo.xls
File: dekomo.xls complete download
File-name: dekomo.xls; File-size: 16M
Start parse file to json: dekomo.xls
End parse file dekomo.xls to json dekomo.json
File-name: dekomo.json; File-size: 19M
Numbers line in the file dekomo.json: 72818
Update currency
Clear old data
==============================
       2017-02-16 05:07
========== End sync ==========

========= Start sync =========
       2017-02-17 05:00
==============================
Check online remote server: http://www.dekomo.ru/Cont/ost2xsl.php?
Server status: 200
Start download file: dekomo.xls
File: dekomo.xls complete download
File-name: dekomo.xls; File-size: 16M
Start parse file to json: dekomo.xls
End parse file dekomo.xls to json dekomo.json
File-name: dekomo.json; File-size: 19M
Numbers line in the file dekomo.json: 72826
Update currency
Clear old data
==============================
       2017-02-17 05:06
========== End sync ==========

========= Start sync =========
       2017-02-18 05:00
==============================
Check online remote server: http://www.dekomo.ru/Cont/ost2xsl.php?
Server status: 200
Start download file: dekomo.xls
File: dekomo.xls complete download
File-name: dekomo.xls; File-size: 16M
Start parse file to json: dekomo.xls
End parse file dekomo.xls to json dekomo.json
File-name: dekomo.json; File-size: 19M
Numbers line in the file dekomo.json: 72827
Update currency
Clear old data
==============================
       2017-02-18 05:06
========== End sync ==========

========= Start sync =========
       2017-02-19 05:00
==============================
Check online remote server: http://www.dekomo.ru/Cont/ost2xsl.php?
Server status: 200
Start download file: dekomo.xls
File: dekomo.xls complete download
File-name: dekomo.xls; File-size: 16M
Start parse file to json: dekomo.xls
End parse file dekomo.xls to json dekomo.json
File-name: dekomo.json; File-size: 19M
Numbers line in the file dekomo.json: 72827
Update currency
Clear old data
==============================
       2017-02-19 05:07
========== End sync ==========

========= Start sync =========
       2017-02-20 05:00
==============================
Check online remote server: http://www.dekomo.ru/Cont/ost2xsl.php?
Server status: 200
Start download file: dekomo.xls
File: dekomo.xls complete download
File-name: dekomo.xls; File-size: 16M
Start parse file to json: dekomo.xls
End parse file dekomo.xls to json dekomo.json
File-name: dekomo.json; File-size: 19M
Numbers line in the file dekomo.json: 72827
Update currency
Clear old data
==============================
       2017-02-20 05:06
========== End sync ==========

========= Start sync =========
       2017-02-21 05:00
==============================
Check online remote server: http://www.dekomo.ru/Cont/ost2xsl.php?
Server status: 200
Start download file: dekomo.xls
File: dekomo.xls complete download
File-name: dekomo.xls; File-size: 14M
Start parse file to json: dekomo.xls
End parse file dekomo.xls to json dekomo.json
File-name: dekomo.json; File-size: 17M
Numbers line in the file dekomo.json: 72828
Update currency
Clear old data
==============================
       2017-02-21 05:06
========== End sync ==========

========= Start sync =========
       2017-02-22 05:00
==============================
Check online remote server: http://www.dekomo.ru/Cont/ost2xsl.php?
Server status: 200
Start download file: dekomo.xls
File: dekomo.xls complete download
File-name: dekomo.xls; File-size: 14M
Start parse file to json: dekomo.xls
End parse file dekomo.xls to json dekomo.json
File-name: dekomo.json; File-size: 17M
Numbers line in the file dekomo.json: 72832
Update currency
Clear old data
==============================
       2017-02-22 05:06
========== End sync ==========

========= Start sync =========
       2017-02-23 05:00
==============================
Check online remote server: http://www.dekomo.ru/Cont/ost2xsl.php?
Server status: 200
Start download file: dekomo.xls
File: dekomo.xls complete download
File-name: dekomo.xls; File-size: 16M
Start parse file to json: dekomo.xls
End parse file dekomo.xls to json dekomo.json
File-name: dekomo.json; File-size: 19M
Numbers line in the file dekomo.json: 72832
Update currency
Clear old data
==============================
       2017-02-23 05:09
========== End sync ==========

========= Start sync =========
       2017-02-24 05:00
==============================
Check online remote server: http://www.dekomo.ru/Cont/ost2xsl.php?
Server status: 200
Start download file: dekomo.xls
File: dekomo.xls complete download
File-name: dekomo.xls; File-size: 16M
Start parse file to json: dekomo.xls
End parse file dekomo.xls to json dekomo.json
File-name: dekomo.json; File-size: 19M
Numbers line in the file dekomo.json: 72832
Update currency
Clear old data
==============================
       2017-02-24 05:08
========== End sync ==========

========= Start sync =========
       2017-02-25 05:00
==============================
Check online remote server: http://www.dekomo.ru/Cont/ost2xsl.php?
Server status: 200
Start download file: dekomo.xls
File: dekomo.xls complete download
File-name: dekomo.xls; File-size: 16M
Start parse file to json: dekomo.xls
End parse file dekomo.xls to json dekomo.json
File-name: dekomo.json; File-size: 19M
Numbers line in the file dekomo.json: 72832
Update currency
Clear old data
==============================
       2017-02-25 05:07
========== End sync ==========

========= Start sync =========
       2017-02-26 05:00
==============================
Check online remote server: http://www.dekomo.ru/Cont/ost2xsl.php?
Server status: 200
Start download file: dekomo.xls
File: dekomo.xls complete download
File-name: dekomo.xls; File-size: 16M
Start parse file to json: dekomo.xls
End parse file dekomo.xls to json dekomo.json
File-name: dekomo.json; File-size: 19M
Numbers line in the file dekomo.json: 72832
Update currency
Clear old data
==============================
       2017-02-26 05:09
========== End sync ==========

========= Start sync =========
       2017-02-27 05:00
==============================
Check online remote server: http://www.dekomo.ru/Cont/ost2xsl.php?
Server status: 200
Start download file: dekomo.xls
File: dekomo.xls complete download
File-name: dekomo.xls; File-size: 16M
Start parse file to json: dekomo.xls
End parse file dekomo.xls to json dekomo.json
File-name: dekomo.json; File-size: 19M
Numbers line in the file dekomo.json: 72832
Update currency
Clear old data
==============================
       2017-02-27 05:08
========== End sync ==========

========= Start sync =========
       2017-02-28 05:00
==============================
Check online remote server: http://www.dekomo.ru/Cont/ost2xsl.php?
Server status: 200
Start download file: dekomo.xls
File: dekomo.xls complete download
File-name: dekomo.xls; File-size: 5.7M
Start parse file to json: dekomo.xls
End parse file dekomo.xls to json dekomo.json
File-name: dekomo.json; File-size: 6.9M
Numbers line in the file dekomo.json: 29659
Update currency
Clear old data
==============================
       2017-02-28 05:03
========== End sync ==========

========= Start sync =========
       2017-03-01 05:00
==============================
Check online remote server: http://www.dekomo.ru/Cont/ost2xsl.php?
Server status: 200
Start download file: dekomo.xls
File: dekomo.xls complete download
File-name: dekomo.xls; File-size: 5.7M
Start parse file to json: dekomo.xls
End parse file dekomo.xls to json dekomo.json
File-name: dekomo.json; File-size: 6.9M
Numbers line in the file dekomo.json: 29554
Update currency
Clear old data
==============================
       2017-03-01 05:03
========== End sync ==========
